2016/06/08 09:56:12 INFO  - jmeter.util.JMeterUtils: Setting Locale to en_US 
2016/06/08 09:56:12 INFO  - jmeter.JMeter: Loading user properties from: /usr/local/Cellar/jmeter/3.0/libexec/bin/user.properties 
2016/06/08 09:56:12 INFO  - jmeter.JMeter: Loading system properties from: /usr/local/Cellar/jmeter/3.0/libexec/bin/system.properties 
2016/06/08 09:56:12 INFO  - jmeter.JMeter: Copyright (c) 1998-2016 The Apache Software Foundation 
2016/06/08 09:56:12 INFO  - jmeter.JMeter: Version 3.0 r1743807 
2016/06/08 09:56:12 INFO  - jmeter.JMeter: java.version=1.8.0_51 
2016/06/08 09:56:12 INFO  - jmeter.JMeter: java.vm.name=Java HotSpot(TM) 64-Bit Server VM 
2016/06/08 09:56:12 INFO  - jmeter.JMeter: os.name=Mac OS X 
2016/06/08 09:56:12 INFO  - jmeter.JMeter: os.arch=x86_64 
2016/06/08 09:56:12 INFO  - jmeter.JMeter: os.version=10.11.5 
2016/06/08 09:56:12 INFO  - jmeter.JMeter: file.encoding=UTF-8 
2016/06/08 09:56:12 INFO  - jmeter.JMeter: Max memory     =514850816 
2016/06/08 09:56:12 INFO  - jmeter.JMeter: Available Processors =4 
2016/06/08 09:56:12 INFO  - jmeter.JMeter: Default Locale=English (United States) 
2016/06/08 09:56:12 INFO  - jmeter.JMeter: JMeter  Locale=English (United States) 
2016/06/08 09:56:12 INFO  - jmeter.JMeter: JMeterHome=/usr/local/Cellar/jmeter/3.0/libexec 
2016/06/08 09:56:12 INFO  - jmeter.JMeter: user.dir  =/Users/johnviqueira/Development/Workspace/DA-Automation 
2016/06/08 09:56:12 INFO  - jmeter.JMeter: PWD       =/Users/johnviqueira/Development/Workspace/DA-Automation 
2016/06/08 09:56:12 INFO  - jmeter.JMeter: IP: 10.201.31.6 Name: pcp077460pcs.usae.bah.com FullName: 10.201.31.6 
2016/06/08 09:56:13 INFO  - jmeter.gui.action.LookAndFeelCommand: Using look and feel: com.apple.laf.AquaLookAndFeel [Mac OS X, System] 
2016/06/08 09:56:13 INFO  - jmeter.JMeter: Loaded icon properties from org/apache/jmeter/images/icon.properties 
2016/06/08 09:56:14 INFO  - jmeter.engine.util.CompoundVariable: Note: Function class names must contain the string: '.functions.' 
2016/06/08 09:56:14 INFO  - jmeter.engine.util.CompoundVariable: Note: Function class names must not contain the string: '.gui.' 
2016/06/08 09:56:14 INFO  - jmeter.util.BSFTestElement: Registering JMeter version of JavaScript engine as work-round for BSF-22 
2016/06/08 09:56:15 INFO  - jmeter.protocol.http.sampler.HTTPSamplerBase: Parser for text/html is org.apache.jmeter.protocol.http.parser.LagartoBasedHtmlParser 
2016/06/08 09:56:15 INFO  - jmeter.protocol.http.sampler.HTTPSamplerBase: Parser for application/xhtml+xml is org.apache.jmeter.protocol.http.parser.LagartoBasedHtmlParser 
2016/06/08 09:56:15 INFO  - jmeter.protocol.http.sampler.HTTPSamplerBase: Parser for application/xml is org.apache.jmeter.protocol.http.parser.LagartoBasedHtmlParser 
2016/06/08 09:56:15 INFO  - jmeter.protocol.http.sampler.HTTPSamplerBase: Parser for text/xml is org.apache.jmeter.protocol.http.parser.LagartoBasedHtmlParser 
2016/06/08 09:56:15 INFO  - jmeter.protocol.http.sampler.HTTPSamplerBase: Parser for text/vnd.wap.wml is org.apache.jmeter.protocol.http.parser.RegexpHTMLParser 
2016/06/08 09:56:15 INFO  - jmeter.protocol.http.sampler.HTTPSamplerBase: Parser for text/css is org.apache.jmeter.protocol.http.parser.CssParser 
2016/06/08 09:56:15 INFO  - jorphan.exec.KeyToolUtils: keytool found at 'keytool' 
2016/06/08 09:56:15 INFO  - jmeter.protocol.http.proxy.ProxyControl: HTTP(S) Test Script Recorder SSL Proxy will use keys that support embedded 3rd party resources in file /usr/local/Cellar/jmeter/3.0/libexec/bin/proxyserver.jks 
2016/06/08 09:56:15 INFO  - jmeter.gui.util.MenuFactory: Skipping org.apache.jmeter.protocol.mongodb.config.MongoSourceElement 
2016/06/08 09:56:15 INFO  - jmeter.gui.util.MenuFactory: Skipping org.apache.jmeter.protocol.mongodb.sampler.MongoScriptSampler 
2016/06/08 09:56:15 INFO  - jmeter.gui.util.MenuFactory: Skipping org.apache.jmeter.visualizers.DistributionGraphVisualizer 
2016/06/08 09:56:15 INFO  - jmeter.samplers.SampleResult: Note: Sample TimeStamps are START times 
2016/06/08 09:56:15 INFO  - jmeter.samplers.SampleResult: sampleresult.default.encoding is set to ISO-8859-1 
2016/06/08 09:56:15 INFO  - jmeter.samplers.SampleResult: sampleresult.useNanoTime=true 
2016/06/08 09:56:15 INFO  - jmeter.samplers.SampleResult: sampleresult.nanoThreadSleep=5000 
2016/06/08 09:56:15 INFO  - jmeter.gui.util.MenuFactory: Skipping org.apache.jmeter.visualizers.SplineVisualizer 
2016/06/08 09:57:40 INFO  - jmeter.gui.action.template.TemplateManager: Reading templates from:/usr/local/Cellar/jmeter/3.0/libexec/bin/templates/templates.xml 
